#
# There is insufficient memory for the Java Runtime Environment to continue.
# Native memory allocation (malloc) failed to allocate 582896 bytes for Chunk::new
# Possible reasons:
#   The system is out of physical RAM or swap space
#   In 32 bit mode, the process size limit was hit
# Possible solutions:
#   Reduce memory load on the system
#   Increase physical memory or swap space
#   Check if swap backing store is full
#   Use 64 bit Java on a 64 bit OS
#   Decrease Java heap size (-Xmx/-Xms)
#   Decrease number of Java threads
#   Decrease Java thread stack sizes (-Xss)
#   Set larger code cache with -XX:ReservedCodeCacheSize=
# This output file may be truncated or incomplete.
#
#  Out of Memory Error (allocation.cpp:390), pid=3032, tid=3004
#
# JRE version: Java(TM) SE Runtime Environment (8.0_20-b26) (build 1.8.0_20-b26)
# Java VM: Java HotSpot(TM) 64-Bit Server VM (25.20-b23 mixed mode windows-amd64 compressed oops)
# Failed to write core dump. Minidumps are not enabled by default on client versions of Windows
#

---------------  T H R E A D  ---------------

Current thread (0x0000000015191000):  JavaThread "C2 CompilerThread1" daemon [_thread_in_native, id=3004, stack(0x0000000016810000,0x0000000016910000)]

Stack: [0x0000000016810000,0x0000000016910000]
Native frames: (J=compiled Java code, j=interpreted, Vv=VM code, C=native code)
V  [jvm.dll+0x3152fa]


Current CompileTask:
C2: 103460 2796       4       java.util.ArrayList::sort (48 bytes)


---------------  P R O C E S S  ---------------

Java Threads: ( => current thread )
  0x0000000016a4b800 JavaThread "Service Thread" daemon [_thread_blocked, id=5612, stack(0x0000000016e10000,0x0000000016f10000)]
  0x00000000151eb000 JavaThread "C1 CompilerThread2" daemon [_thread_blocked, id=908, stack(0x0000000016910000,0x0000000016a10000)]
=>0x0000000015191000 JavaThread "C2 CompilerThread1" daemon [_thread_in_native, id=3004, stack(0x0000000016810000,0x0000000016910000)]
  0x000000001518d800 JavaThread "C2 CompilerThread0" daemon [_thread_in_native, id=1456, stack(0x0000000016710000,0x0000000016810000)]
  0x000000001518c000 JavaThread "Attach Listener" daemon [_thread_blocked, id=2536, stack(0x0000000016610000,0x0000000016710000)]
  0x000000001518a800 JavaThread "Signal Dispatcher" daemon [_thread_blocked, id=6248, stack(0x0000000016510000,0x0000000016610000)]
  0x0000000002ab6000 JavaThread "Finalizer" daemon [_thread_blocked, id=6988, stack(0x0000000016410000,0x0000000016510000)]
  0x0000000015158000 JavaThread "Reference Handler" daemon [_thread_blocked, id=2032, stack(0x0000000016310000,0x0000000016410000)]
  0x00000000029c2800 JavaThread "main" [_thread_in_Java, id=4260, stack(0x00000000028c0000,0x00000000029c0000)]

Other Threads:
  0x0000000015157000 VMThread [stack: 0x0000000016210000,0x0000000016310000] [id=3988]
  0x0000000016a4f000 WatcherThread [stack: 0x0000000016f10000,0x0000000017010000] [id=3296]

VM state:not at safepoint (normal execution)

VM Mutex/Monitor currently owned by a thread: None

Heap:
 PSYoungGen      total 224768K, used 84409K [0x00000000eab00000, 0x00000000ff780000, 0x0000000100000000)
  eden space 117248K, 71% used [0x00000000eab00000,0x00000000efd6e650,0x00000000f1d80000)
  from space 107520K, 0% used [0x00000000f8e80000,0x00000000f8e80000,0x00000000ff780000)
  to   space 111616K, 0% used [0x00000000f1d80000,0x00000000f1d80000,0x00000000f8a80000)
 ParOldGen       total 423936K, used 417903K [0x00000000c0000000, 0x00000000d9e00000, 0x00000000eab00000)
  object space 423936K, 98% used [0x00000000c0000000,0x00000000d981bc68,0x00000000d9e00000)
 Metaspace       used 6307K, capacity 7344K, committed 7552K, reserved 1056768K
  class space    used 586K, capacity 616K, committed 640K, reserved 1048576K

Card table byte_map: [0x0000000011e80000,0x0000000012090000] byte_map_base: 0x0000000011880000

Marking Bits: (ParMarkBitMap*) 0x000000006dc7b460
 Begin Bits: [0x00000000125f0000, 0x00000000135f0000)
 End Bits:   [0x00000000135f0000, 0x00000000145f0000)

Polling page: 0x00000000009b0000

CodeCache: size=245760Kb used=9552Kb max_used=10872Kb free=236207Kb
 bounds [0x0000000002ac0000, 0x0000000003580000, 0x0000000011ac0000]
 total_blobs=2329 nmethods=2068 adapters=174
 compilation: enabled

Compilation events (10 events):
Event: 102.940 Thread 0x000000001518d800 nmethod 2793 0x0000000002e88fd0 code [0x0000000002e89120, 0x0000000002e89208]
Event: 102.949 Thread 0x0000000015191000 2794       4       java.util.ComparableTimSort::binarySort (223 bytes)
Event: 102.980 Thread 0x000000001518d800 2795       4       java.util.Arrays::sort (47 bytes)
Event: 102.984 Thread 0x0000000015191000 nmethod 2794 0x0000000002f36310 code [0x0000000002f364a0, 0x0000000002f37048]
Event: 102.984 Thread 0x0000000015191000 2796       4       java.util.ArrayList::sort (48 bytes)
Event: 103.090 Thread 0x00000000151eb000 2798       3       com.android.dx.dex.file.EncodedField::equals (26 bytes)
Event: 103.091 Thread 0x00000000151eb000 nmethod 2798 0x0000000003458650 code [0x00000000034587e0, 0x0000000003458d48]
Event: 103.165 Thread 0x00000000151eb000 2799       3       java.util.ComparableTimSort::gallopRight (327 bytes)
Event: 103.181 Thread 0x00000000151eb000 nmethod 2799 0x0000000002d6b450 code [0x0000000002d6b640, 0x0000000002d6c118]
Event: 103.190 Thread 0x00000000151eb000 2801       3       java.util.ComparableTimSort::gallopLeft (327 bytes)

GC Heap History (10 events):
Event: 77.130 GC heap before
{Heap before GC invocations=28 (full 6):
 PSYoungGen      total 224768K, used 117248K [0x00000000eab00000, 0x00000000ff780000, 0x0000000100000000)
  eden space 117248K, 100% used [0x00000000eab00000,0x00000000f1d80000,0x00000000f1d80000)
  from space 107520K, 0% used [0x00000000f8e80000,0x00000000f8e80000,0x00000000ff780000)
  to   space 111616K, 0% used [0x00000000f1d80000,0x00000000f1d80000,0x00000000f8a80000)
 ParOldGen       total 423936K, used 397356K [0x00000000c0000000, 0x00000000d9e00000, 0x00000000eab00000)
  object space 423936K, 93% used [0x00000000c0000000,0x00000000d840b150,0x00000000d9e00000)
 Metaspace       used 6197K, capacity 7280K, committed 7552K, reserved 1056768K
  class space    used 580K, capacity 616K, committed 640K, reserved 1048576K
Event: 79.842 GC heap after
Heap after GC invocations=28 (full 6):
 PSYoungGen      total 224768K, used 0K [0x00000000eab00000, 0x00000000ff780000, 0x0000000100000000)
  eden space 117248K, 0% used [0x00000000eab00000,0x00000000eab00000,0x00000000f1d80000)
  from space 107520K, 0% used [0x00000000f8e80000,0x00000000f8e80000,0x00000000ff780000)
  to   space 111616K, 0% used [0x00000000f1d80000,0x00000000f1d80000,0x00000000f8a80000)
 ParOldGen       total 423936K, used 397065K [0x00000000c0000000, 0x00000000d9e00000, 0x00000000eab00000)
  object space 423936K, 93% used [0x00000000c0000000,0x00000000d83c2720,0x00000000d9e00000)
 Metaspace       used 6197K, capacity 7280K, committed 7552K, reserved 1056768K
  class space    used 580K, capacity 616K, committed 640K, reserved 1048576K
}
Event: 80.734 GC heap before
{Heap before GC invocations=29 (full 7):
 PSYoungGen      total 224768K, used 117248K [0x00000000eab00000, 0x00000000ff780000, 0x0000000100000000)
  eden space 117248K, 100% used [0x00000000eab00000,0x00000000f1d80000,0x00000000f1d80000)
  from space 107520K, 0% used [0x00000000f8e80000,0x00000000f8e80000,0x00000000ff780000)
  to   space 111616K, 0% used [0x00000000f1d80000,0x00000000f1d80000,0x00000000f8a80000)
 ParOldGen       total 423936K, used 397065K [0x00000000c0000000, 0x00000000d9e00000, 0x00000000eab00000)
  object space 423936K, 93% used [0x00000000c0000000,0x00000000d83c2720,0x00000000d9e00000)
 Metaspace       used 6197K, capacity 7280K, committed 7552K, reserved 1056768K
  class space    used 580K, capacity 616K, committed 640K, reserved 1048576K
Event: 83.143 GC heap after
Heap after GC invocations=29 (full 7):
 PSYoungGen      total 224768K, used 0K [0x00000000eab00000, 0x00000000ff780000, 0x0000000100000000)
  eden space 117248K, 0% used [0x00000000eab00000,0x00000000eab00000,0x00000000f1d80000)
  from space 107520K, 0% used [0x00000000f8e80000,0x00000000f8e80000,0x00000000ff780000)
  to   space 111616K, 0% used [0x00000000f1d80000,0x00000000f1d80000,0x00000000f8a80000)
 ParOldGen       total 423936K, used 400871K [0x00000000c0000000, 0x00000000d9e00000, 0x00000000eab00000)
  object space 423936K, 94% used [0x00000000c0000000,0x00000000d8779ff8,0x00000000d9e00000)
 Metaspace       used 6197K, capacity 7280K, committed 7552K, reserved 1056768K
  class space    used 580K, capacity 616K, committed 640K, reserved 1048576K
}
Event: 84.050 GC heap before
{Heap before GC invocations=30 (full 8):
 PSYoungGen      total 224768K, used 117248K [0x00000000eab00000, 0x00000000ff780000, 0x0000000100000000)
  eden space 117248K, 100% used [0x00000000eab00000,0x00000000f1d80000,0x00000000f1d80000)
  from space 107520K, 0% used [0x00000000f8e80000,0x00000000f8e80000,0x00000000ff780000)
  to   space 111616K, 0% used [0x00000000f1d80000,0x00000000f1d80000,0x00000000f8a80000)
 ParOldGen       total 423936K, used 400871K [0x00000000c0000000, 0x00000000d9e00000, 0x00000000eab00000)
  object space 423936K, 94% used [0x00000000c0000000,0x00000000d8779ff8,0x00000000d9e00000)
 Metaspace       used 6197K, capacity 7280K, committed 7552K, reserved 1056768K
  class space    used 580K, capacity 616K, committed 640K, reserved 1048576K
Event: 86.663 GC heap after
Heap after GC invocations=30 (full 8):
 PSYoungGen      total 224768K, used 0K [0x00000000eab00000, 0x00000000ff780000, 0x0000000100000000)
  eden space 117248K, 0% used [0x00000000eab00000,0x00000000eab00000,0x00000000f1d80000)
  from space 107520K, 0% used [0x00000000f8e80000,0x00000000f8e80000,0x00000000ff780000)
  to   space 111616K, 0% used [0x00000000f1d80000,0x00000000f1d80000,0x00000000f8a80000)
 ParOldGen       total 423936K, used 409736K [0x00000000c0000000, 0x00000000d9e00000, 0x00000000eab00000)
  object space 423936K, 96% used [0x00000000c0000000,0x00000000d9022340,0x00000000d9e00000)
 Metaspace       used 6197K, capacity 7280K, committed 7552K, reserved 1056768K
  class space    used 580K, capacity 616K, committed 640K, reserved 1048576K
}
Event: 87.661 GC heap before
{Heap before GC invocations=31 (full 9):
 PSYoungGen      total 224768K, used 117248K [0x00000000eab00000, 0x00000000ff780000, 0x0000000100000000)
  eden space 117248K, 100% used [0x00000000eab00000,0x00000000f1d80000,0x00000000f1d80000)
  from space 107520K, 0% used [0x00000000f8e80000,0x00000000f8e80000,0x00000000ff780000)
  to   space 111616K, 0% used [0x00000000f1d80000,0x00000000f1d80000,0x00000000f8a80000)
 ParOldGen       total 423936K, used 409736K [0x00000000c0000000, 0x00000000d9e00000, 0x00000000eab00000)
  object space 423936K, 96% used [0x00000000c0000000,0x00000000d9022340,0x00000000d9e00000)
 Metaspace       used 6197K, capacity 7280K, committed 7552K, reserved 1056768K
  class space    used 580K, capacity 616K, committed 640K, reserved 1048576K
Event: 91.187 GC heap after
Heap after GC invocations=31 (full 9):
 PSYoungGen      total 224768K, used 0K [0x00000000eab00000, 0x00000000ff780000, 0x0000000100000000)
  eden space 117248K, 0% used [0x00000000eab00000,0x00000000eab00000,0x00000000f1d80000)
  from space 107520K, 0% used [0x00000000f8e80000,0x00000000f8e80000,0x00000000ff780000)
  to   space 111616K, 0% used [0x00000000f1d80000,0x00000000f1d80000,0x00000000f8a80000)
 ParOldGen       total 423936K, used 399781K [0x00000000c0000000, 0x00000000d9e00000, 0x00000000eab00000)
  object space 423936K, 94% used [0x00000000c0000000,0x00000000d86694a8,0x00000000d9e00000)
 Metaspace       used 6197K, capacity 7280K, committed 7552K, reserved 1056768K
  class space    used 580K, capacity 616K, committed 640K, reserved 1048576K
}
Event: 93.001 GC heap before
{Heap before GC invocations=32 (full 10):
 PSYoungGen      total 224768K, used 117248K [0x00000000eab00000, 0x00000000ff780000, 0x0000000100000000)
  eden space 117248K, 100% used [0x00000000eab00000,0x00000000f1d80000,0x00000000f1d80000)
  from space 107520K, 0% used [0x00000000f8e80000,0x00000000f8e80000,0x00000000ff780000)
  to   space 111616K, 0% used [0x00000000f1d80000,0x00000000f1d80000,0x00000000f8a80000)
 ParOldGen       total 423936K, used 399781K [0x00000000c0000000, 0x00000000d9e00000, 0x00000000eab00000)
  object space 423936K, 94% used [0x00000000c0000000,0x00000000d86694a8,0x00000000d9e00000)
 Metaspace       used 6200K, capacity 7280K, committed 7552K, reserved 1056768K
  class space    used 580K, capacity 616K, committed 640K, reserved 1048576K
Event: 101.657 GC heap after
Heap after GC invocations=32 (full 10):
 PSYoungGen      total 224768K, used 0K [0x00000000eab00000, 0x00000000ff780000, 0x0000000100000000)
  eden space 117248K, 0% used [0x00000000eab00000,0x00000000eab00000,0x00000000f1d80000)
  from space 107520K, 0% used [0x00000000f8e80000,0x00000000f8e80000,0x00000000ff780000)
  to   space 111616K, 0% used [0x00000000f1d80000,0x00000000f1d80000,0x00000000f8a80000)
 ParOldGen       total 423936K, used 417903K [0x00000000c0000000, 0x00000000d9e00000, 0x00000000eab00000)
  object space 423936K, 98% used [0x00000000c0000000,0x00000000d981bc68,0x00000000d9e00000)
 Metaspace       used 6200K, capacity 7280K, committed 7552K, reserved 1056768K
  class space    used 580K, capacity 616K, committed 640K, reserved 1048576K
}

Deoptimization events (10 events):
Event: 60.157 Thread 0x00000000029c2800 Uncommon trap: reason=class_check action=maybe_recompile pc=0x0000000003361ee4 method=com.android.dx.ssa.back.InterferenceGraph.mergeInterferenceSet(ILcom/android/dx/util/IntSet;)V @ 20
Event: 60.159 Thread 0x00000000029c2800 Uncommon trap: reason=class_check action=maybe_recompile pc=0x0000000003361ee4 method=com.android.dx.ssa.back.InterferenceGraph.mergeInterferenceSet(ILcom/android/dx/util/IntSet;)V @ 20
Event: 60.159 Thread 0x00000000029c2800 Uncommon trap: reason=class_check action=maybe_recompile pc=0x0000000003361ee4 method=com.android.dx.ssa.back.InterferenceGraph.mergeInterferenceSet(ILcom/android/dx/util/IntSet;)V @ 20
Event: 60.226 Thread 0x00000000029c2800 Uncommon trap: reason=class_check action=maybe_recompile pc=0x0000000003361ee4 method=com.android.dx.ssa.back.InterferenceGraph.mergeInterferenceSet(ILcom/android/dx/util/IntSet;)V @ 20
Event: 62.766 Thread 0x00000000029c2800 Uncommon trap: reason=class_check action=maybe_recompile pc=0x0000000003571d88 method=com.android.dx.ssa.SsaConverter.placePhiFunctions(Lcom/android/dx/ssa/SsaMethod;Lcom/android/dx/ssa/LocalVariableInfo;I)V @ 257
Event: 102.554 Thread 0x00000000029c2800 Uncommon trap: reason=class_check action=maybe_recompile pc=0x0000000002ec6ee0 method=java.util.Arrays.hashCode([Ljava/lang/Object;)I @ 43
Event: 102.558 Thread 0x00000000029c2800 Uncommon trap: reason=class_check action=maybe_recompile pc=0x0000000002ec6ee0 method=java.util.Arrays.hashCode([Ljava/lang/Object;)I @ 43
Event: 102.558 Thread 0x00000000029c2800 Uncommon trap: reason=class_check action=maybe_recompile pc=0x0000000002ec6ee0 method=java.util.Arrays.hashCode([Ljava/lang/Object;)I @ 43
Event: 102.558 Thread 0x00000000029c2800 Uncommon trap: reason=class_check action=maybe_recompile pc=0x0000000002ec6ee0 method=java.util.Arrays.hashCode([Ljava/lang/Object;)I @ 43
Event: 102.558 Thread 0x00000000029c2800 Uncommon trap: reason=class_check action=maybe_recompile pc=0x0000000002ec6940 method=java.util.Arrays.hashCode([Ljava/lang/Object;)I @ 43

Internal exceptions (10 events):
Event: 33.126 Thread 0x00000000029c2800 Implicit null exception at 0x000000000301deb8 to 0x000000000301f3fd
Event: 33.126 Thread 0x00000000029c2800 Implicit null exception at 0x0000000002e136b0 to 0x0000000002e13875
Event: 34.389 Thread 0x00000000029c2800 Implicit null exception at 0x000000000353d458 to 0x000000000353e1cd
Event: 41.700 Thread 0x00000000029c2800 Exception <a 'java/security/PrivilegedActionException'> (0x00000000ee28c890) thrown at [D:\re\workspace\8-2-build-windows-amd64-cygwin\jdk8u20\1074\hotspot\src\share\vm\prims\jvm.cpp, line 1275]
Event: 45.574 Thread 0x00000000029c2800 Implicit null exception at 0x00000000031b1542 to 0x00000000031b36e9
Event: 45.574 Thread 0x00000000029c2800 Implicit null exception at 0x000000000318ee33 to 0x00000000031912a9
Event: 45.652 Thread 0x00000000029c2800 Implicit null exception at 0x000000000330a201 to 0x000000000330af05
Event: 59.400 Thread 0x00000000029c2800 Exception <a 'java/security/PrivilegedActionException'> (0x00000000ee6a2b48) thrown at [D:\re\workspace\8-2-build-windows-amd64-cygwin\jdk8u20\1074\hotspot\src\share\vm\prims\jvm.cpp, line 1275]
Event: 59.537 Thread 0x00000000029c2800 Exception <a 'java/security/PrivilegedActionException'> (0x00000000ee7d7788) thrown at [D:\re\workspace\8-2-build-windows-amd64-cygwin\jdk8u20\1074\hotspot\src\share\vm\prims\jvm.cpp, line 1275]
Event: 102.607 Thread 0x00000000029c2800 Exception <a 'java/security/PrivilegedActionException'> (0x00000000ef870478) thrown at [D:\re\workspace\8-2-build-windows-amd64-cygwin\jdk8u20\1074\hotspot\src\share\vm\prims\jvm.cpp, line 1275]

Events (10 events):
Event: 102.558 Thread 0x00000000029c2800 Uncommon trap: trap_request=0xffffffde fr.pc=0x0000000002ec6ee0
Event: 102.558 Thread 0x00000000029c2800 DEOPT PACKING pc=0x0000000002ec6ee0 sp=0x00000000029bedb0
Event: 102.558 Thread 0x00000000029c2800 DEOPT UNPACKING pc=0x0000000002b0556a sp=0x00000000029bece0 mode 2
Event: 102.558 Thread 0x00000000029c2800 Uncommon trap: trap_request=0xffffffde fr.pc=0x0000000002ec6940
Event: 102.558 Thread 0x00000000029c2800 DEOPT PACKING pc=0x0000000002ec6940 sp=0x00000000029bed60
Event: 102.565 Thread 0x00000000029c2800 DEOPT UNPACKING pc=0x0000000002b0556a sp=0x00000000029bece8 mode 2
Event: 102.570 loading class java/util/ComparableTimSort
Event: 102.574 loading class java/util/ComparableTimSort done
Event: 102.606 loading class com/android/dx/rop/cst/Zeroes
Event: 102.606 loading class com/android/dx/rop/cst/Zeroes done


Dynamic libraries:
0x00007ff7ea320000 - 0x00007ff7ea354000 	C:\Program Files\Java\jdk1.8.0_20\jre\bin\java.exe
0x00007ffabdb10000 - 0x00007ffabdcb6000 	C:\WINDOWS\SYSTEM32\ntdll.dll
0x00007ffabd710000 - 0x00007ffabd84a000 	C:\WINDOWS\system32\KERNEL32.DLL
0x00007ffabaf50000 - 0x00007ffabb05f000 	C:\WINDOWS\system32\KERNELBASE.dll
0x00007ffab9a90000 - 0x00007ffab9b18000 	C:\WINDOWS\system32\apphelp.dll
0x00007ffaadbd0000 - 0x00007ffaadc1f000 	C:\WINDOWS\AppPatch\AppPatch64\AcGenral.DLL
0x00007ffabd240000 - 0x00007ffabd2e7000 	C:\WINDOWS\system32\msvcrt.dll
0x00007ffabad30000 - 0x00007ffabad5b000 	C:\WINDOWS\SYSTEM32\SspiCli.dll
0x00007ffabb480000 - 0x00007ffabb4d1000 	C:\WINDOWS\system32\SHLWAPI.dll
0x00007ffabc900000 - 0x00007ffabca71000 	C:\WINDOWS\system32\USER32.dll
0x00007ffabcd20000 - 0x00007ffabce98000 	C:\WINDOWS\system32\ole32.dll
0x00007ffabb4f0000 - 0x00007ffabc8ff000 	C:\WINDOWS\system32\SHELL32.dll
0x00007ffaba4f0000 - 0x00007ffaba50e000 	C:\WINDOWS\SYSTEM32\USERENV.dll
0x00007ffabd920000 - 0x00007ffabd9c5000 	C:\WINDOWS\system32\ADVAPI32.dll
0x00007ffaaabb0000 - 0x00007ffaaabcb000 	C:\WINDOWS\SYSTEM32\MPR.dll
0x00007ffabd9d0000 - 0x00007ffabdb07000 	C:\WINDOWS\system32\RPCRT4.dll
0x00007ffabca80000 - 0x00007ffabcad7000 	C:\WINDOWS\SYSTEM32\sechost.dll
0x00007ffabcb40000 - 0x00007ffabcd16000 	C:\WINDOWS\SYSTEM32\combase.dll
0x00007ffabcec0000 - 0x00007ffabd004000 	C:\WINDOWS\system32\GDI32.dll
0x00007ffabae80000 - 0x00007ffabae94000 	C:\WINDOWS\SYSTEM32\profapi.dll
0x00007ffab9740000 - 0x00007ffab97df000 	C:\WINDOWS\SYSTEM32\SHCORE.dll
0x00007ffabb440000 - 0x00007ffabb474000 	C:\WINDOWS\system32\IMM32.DLL
0x00007ffabd350000 - 0x00007ffabd489000 	C:\WINDOWS\system32\MSCTF.dll
0x00007ffab9070000 - 0x00007ffab92ca000 	C:\WINDOWS\WinSxS\amd64_microsoft.windows.common-controls_6595b64144ccf1df_6.0.9600.17031_none_6242a4b3ecbb55a1\COMCTL32.dll
0x000000007e110000 - 0x000000007e179000 	C:\Program Files\ConEmu\ConEmu\ConEmuHk64.dll
0x000000006dd00000 - 0x000000006ddd2000 	C:\Program Files\Java\jdk1.8.0_20\jre\bin\msvcr100.dll
0x000000006d4a0000 - 0x000000006dcf8000 	C:\Program Files\Java\jdk1.8.0_20\jre\bin\server\jvm.dll
0x00007ffaa9f20000 - 0x00007ffaa9f29000 	C:\WINDOWS\SYSTEM32\WSOCK32.dll
0x00007ffaa7570000 - 0x00007ffaa758f000 	C:\WINDOWS\SYSTEM32\WINMM.dll
0x00007ffabcea0000 - 0x00007ffabcea7000 	C:\WINDOWS\system32\PSAPI.DLL
0x00007ffabd1e0000 - 0x00007ffabd238000 	C:\WINDOWS\system32\WS2_32.dll
0x00007ffaa6910000 - 0x00007ffaa693a000 	C:\WINDOWS\SYSTEM32\WINMMBASE.dll
0x00007ffabceb0000 - 0x00007ffabceb9000 	C:\WINDOWS\system32\NSI.dll
0x00007ffabb0b0000 - 0x00007ffabb0fa000 	C:\WINDOWS\SYSTEM32\cfgmgr32.dll
0x00007ffab9ce0000 - 0x00007ffab9d06000 	C:\WINDOWS\SYSTEM32\DEVOBJ.dll
0x000000006d490000 - 0x000000006d49f000 	C:\Program Files\Java\jdk1.8.0_20\jre\bin\verify.dll
0x000000006d460000 - 0x000000006d488000 	C:\Program Files\Java\jdk1.8.0_20\jre\bin\java.dll
0x000000006d440000 - 0x000000006d456000 	C:\Program Files\Java\jdk1.8.0_20\jre\bin\zip.dll

VM Arguments:
jvm_args: -Xmx1024M 
java_command: C:\Program Files (x86)\Android\android-sdk\build-tools\21.1.2\lib\dx.jar --dex --output=C:\Users\James\OneDrive\Create\Mobile\Patron\Project\target\classes.dex C:\Users\James\.m2\repository\uk\co\chrisjenx\calligraphy\1.2.0\calligraphy-1.2.0.jar C:\Users\James\OneDrive\Create\Mobile\Patron\Project\target\unpacked-libs\cgag_play-services-maps\classes.jar C:\Users\James\.m2\repository\com\patron\bolts-android\1.1.3\bolts-android-1.1.3.jar C:\Users\James\.m2\repository\com\noveogroup\android\android-logger\1.3.4\android-logger-1.3.4.jar C:\Users\James\OneDrive\Create\Mobile\Patron\Project\target\classes C:\Users\James\.m2\repository\com\patron\appsee\1.0\appsee-1.0.jar C:\Users\James\OneDrive\Create\Mobile\Patron\Project\target\unpacked-libs\cas_support-v4\classes.jar C:\Users\James\.m2\repository\com\google\code\gson\gson\2.3\gson-2.3.jar C:\Users\James\.m2\repository\com\patron\socialauth\4.4\socialauth-4.4.jar C:\Users\James\.m2\repository\com\patron\socialauth-android\3.2\socialauth-android-3.2.jar C:\Users\James\.m2\repository\org\slf4j\slf4j-api\1.7.3\slf4j-api-1.7.3.jar C:\Users\James\OneDrive\Create\Mobile\Patron\Project\target\unpacked-libs\cas_appcompat-v7\classes.jar C:\Users\James\.m2\repository\com\nostra13\universalimageloader\universal-image-loader\1.9.3\universal-image-loader-1.9.3.jar C:\Users\James\.m2\repository\com\patron\Parse\1.7.1\Parse-1.7.1.jar C:\Users\James\.m2\repository\com\android\support\support-annotations\21.0.3\support-annotations-21.0.3.jar C:\Users\James\OneDrive\Create\Mobile\Patron\Project\target\unpacked-libs\cas_support-v4\libs\internal_impl-21.0.3.jar C:\Users\James\OneDrive\Create\Mobile\Patron\Project\target\unpacked-libs\cgag_play-services-location\classes.jar C:\Users\James\OneDrive\Create\Mobile\Patron\Project\target\unpacked-libs\cgag_play-services-base\classes.jar
java_class_path (initial): C:\Program Files (x86)\Android\android-sdk\build-tools\21.1.2\lib\dx.jar
Launcher Type: SUN_STANDARD

Environment Variables:
JAVA_HOME=C:\Program Files\Java\jdk1.8.0_20
PATH=C:\Program Files\ConEmu\ConEmu;C:\Program Files\ConEmu;C:\ProgramData\Oracle\Java\javapath;C:\WINDOWS\system32;C:\WINDOWS;C:\WINDOWS\System32\Wbem;C:\WINDOWS\System32\WindowsPowerShell\v1.0\;C:\Applications\D\dmd2\windows\bin;C:\Applications\Maven 3.2.3\bin;C:\Program Files (x86)\Android\android-sdk\platform-tools;C:\Program Files (x86)\Git\cmd;C:\Program Files\nodejs\;C:\Applications\curl-7.38.0\bin;C:\Program Files (x86)\Windows Kits\8.1\Windows Performance Toolkit\;C:\Program Files (x86)\Microsoft SDKs\TypeScript\1.0\;C:\Program Files (x86)\Sudowin\Clients\Console;C:\Program Files\Java\jdk1.8.0_20\bin;C:\Applications\GnuWin32\bin;C:\Applications\elinks;C:\Applications\youtube-dl;C:\Applications\LLVM\bin;C:\Applications\cmake-3.1.0\cmake-3.1.0-win32-x86\bin;C:\Program Files (x86)\VideoLAN\VLC;C:\Program Files (x86)\Android\android-sdk\tools;C:\Applications\vim73;C:\Program Files (x86)\Microsoft Visual Studio 12.0\VC\bin;C:\Program Files (x86)\Windows Kits\8.1\Lib\winv6.3\um\x64;C:\Users\James\AppData\Roaming\npm;C:\Users\James\AppData\Local\.meteor
USERNAME=James
OS=Windows_NT
PROCESSOR_IDENTIFIER=Intel64 Family 6 Model 69 Stepping 1, GenuineIntel



---------------  S Y S T E M  ---------------

OS: Windows 8.1 , 64 bit Build 9600 

CPU:total 4 (2 cores per cpu, 2 threads per core) family 6 model 69 stepping 1, cmov, cx8, fxsr, mmx, sse, sse2, sse3, ssse3, sse4.1, sse4.2, popcnt, avx, avx2, aes, clmul, erms, lzcnt, ht, tsc, tscinvbit, bmi1, bmi2

Memory: 4k page, physical 4097096k(144592k free), swap 7242824k(5124k free)

vm_info: Java HotSpot(TM) 64-Bit Server VM (25.20-b23) for windows-amd64 JRE (1.8.0_20-b26), built on Jul 30 2014 13:51:23 by "java_re" with MS VC++ 10.0 (VS2010)

time: Fri Jan 02 02:42:42 2015
elapsed time: 103 seconds (0d 0h 1m 43s)

